<?xml version="1.0" encoding="UTF-8"?>
<testsuite name="com.rungway.tests.LoginPageTests" tests="28" skipped="9" failures="1" errors="0" timestamp="2018-07-10T14:52:14" hostname="Rohiths-MacBook-Pro.local" time="62.547">
  <properties/>
  <testcase name="loginAsValidUserVerifyLocalStorageElements" classname="com.rungway.tests.LoginPageTests" time="2.395"/>
  <testcase name="logoutAsValidUserVerifyLocalStorageElementIsNull" classname="com.rungway.tests.LoginPageTests" time="2.523"/>
  <testcase name="verifyAllElementsAreDisplayedOnLoginPage" classname="com.rungway.tests.LoginPageTests" time="0.876"/>
  <testcase name="verifyErrorMessageAppearsWithInvalidEmailAndValidPassword" classname="com.rungway.tests.LoginPageTests" time="1.32"/>
  <testcase name="verifyErrorMessageAppearsWithValidEmailAndInValidPassword" classname="com.rungway.tests.LoginPageTests" time="1.358"/>
  <testcase name="verifyFooterOnLoginPage" classname="com.rungway.tests.LoginPageTests" time="0.668"/>
  <testcase name="verifyLoginAsValidUser" classname="com.rungway.tests.LoginPageTests" time="1.087"/>
  <testcase name="verifyPPAndTCLinks" classname="com.rungway.tests.LoginPageTests" time="3.363"/>
  <testcase name="verifyPasswordTextIsDisplayed" classname="com.rungway.tests.LoginPageTests" time="0.936"/>
  <testcase name="loginAsValidUserVerifyLocalStorageElements" classname="com.rungway.tests.LoginPageTests" time="2.512"/>
  <testcase name="logoutAsValidUserVerifyLocalStorageElementIsNull" classname="com.rungway.tests.LoginPageTests" time="2.939"/>
  <testcase name="verifyAllElementsAreDisplayedOnLoginPage" classname="com.rungway.tests.LoginPageTests" time="1.1"/>
  <testcase name="verifyErrorMessageAppearsWithInvalidEmailAndValidPassword" classname="com.rungway.tests.LoginPageTests" time="2.371"/>
  <testcase name="verifyErrorMessageAppearsWithValidEmailAndInValidPassword" classname="com.rungway.tests.LoginPageTests" time="1.453"/>
  <testcase name="verifyFooterOnLoginPage" classname="com.rungway.tests.LoginPageTests" time="0.944"/>
  <testcase name="verifyLoginAsValidUser" classname="com.rungway.tests.LoginPageTests" time="1.603"/>
  <testcase name="verifyPPAndTCLinks" classname="com.rungway.tests.LoginPageTests" time="3.339"/>
  <testcase name="verifyPasswordTextIsDisplayed" classname="com.rungway.tests.LoginPageTests" time="1.386"/>
  <testcase name="setup" classname="com.rungway.tests.LoginPageTests" time="0.024">
    <failure message="org.openqa.selenium.SessionNotCreatedException: Unable to create new service: InternetExplorerDriverService&#10;Build info: version: '3.11.0', revision: 'e59cfb3', time: '2018-03-11T20:33:15.31Z'&#10;System info: host: 'Rohiths-MacBook-Pro.local', ip: 'fe80:0:0:0:1c18:795:7f19:9f40%en0', os.name: 'Mac OS X', os.arch: 'x86_64', os.version: '10.13.5', java.version: '9.0.4'&#10;Driver info: driver.version: unknown&#10;Command duration or timeout: 8 milliseconds" type="org.openqa.selenium.SessionNotCreatedException">org.openqa.selenium.SessionNotCreatedException: Unable to create new service: InternetExplorerDriverService
Build info: version: '3.11.0', revision: 'e59cfb3', time: '2018-03-11T20:33:15.31Z'
System info: host: 'Rohiths-MacBook-Pro.local', ip: 'fe80:0:0:0:1c18:795:7f19:9f40%en0', os.name: 'Mac OS X', os.arch: 'x86_64', os.version: '10.13.5', java.version: '9.0.4'
Driver info: driver.version: unknown
Command duration or timeout: 8 milliseconds
	at java.base/jdk.internal.reflect.NativeConstructorAccessorImpl.newInstance0(Native Method)
	at java.base/jdk.internal.reflect.NativeConstructorAccessorImpl.newInstance(NativeConstructorAccessorImpl.java:62)
	at java.base/jdk.internal.reflect.DelegatingConstructorAccessorImpl.newInstance(DelegatingConstructorAccessorImpl.java:45)
	at java.base/java.lang.reflect.Constructor.newInstance(Constructor.java:488)
	at org.openqa.selenium.remote.ErrorHandler.createThrowable(ErrorHandler.java:214)
	at org.openqa.selenium.remote.ErrorHandler.throwIfResponseFailed(ErrorHandler.java:166)
	at org.openqa.selenium.remote.JsonWireProtocolResponse.lambda$new$0(JsonWireProtocolResponse.java:53)
	at org.openqa.selenium.remote.JsonWireProtocolResponse.lambda$getResponseFunction$2(JsonWireProtocolResponse.java:91)
	at org.openqa.selenium.remote.ProtocolHandshake.lambda$createSession$0(ProtocolHandshake.java:123)
	at java.base/java.util.stream.ReferencePipeline$3$1.accept(ReferencePipeline.java:195)
	at java.base/java.util.Spliterators$ArraySpliterator.tryAdvance(Spliterators.java:958)
	at java.base/java.util.stream.ReferencePipeline.forEachWithCancel(ReferencePipeline.java:127)
	at java.base/java.util.stream.AbstractPipeline.copyIntoWithCancel(AbstractPipeline.java:502)
	at java.base/java.util.stream.AbstractPipeline.copyInto(AbstractPipeline.java:488)
	at java.base/java.util.stream.AbstractPipeline.wrapAndCopyInto(AbstractPipeline.java:474)
	at java.base/java.util.stream.FindOps$FindOp.evaluateSequential(FindOps.java:152)
	at java.base/java.util.stream.AbstractPipeline.evaluate(AbstractPipeline.java:234)
	at java.base/java.util.stream.ReferencePipeline.findFirst(ReferencePipeline.java:476)
	at org.openqa.selenium.remote.ProtocolHandshake.createSession(ProtocolHandshake.java:126)
	at org.openqa.selenium.remote.ProtocolHandshake.createSession(ProtocolHandshake.java:73)
	at org.openqa.selenium.remote.HttpCommandExecutor.execute(HttpCommandExecutor.java:136)
	at org.openqa.selenium.remote.RemoteWebDriver.execute(RemoteWebDriver.java:545)
	at org.openqa.selenium.remote.RemoteWebDriver.startSession(RemoteWebDriver.java:209)
	at org.openqa.selenium.remote.RemoteWebDriver.&lt;init&gt;(RemoteWebDriver.java:132)
	at org.openqa.selenium.remote.RemoteWebDriver.&lt;init&gt;(RemoteWebDriver.java:145)
	at com.rungway.BaseTests.setup(BaseTests.java:47)
	at jdk.internal.reflect.GeneratedMethodAccessor7.invoke(Unknown Source)
	at java.base/jdk.internal.reflect.DelegatingMethodAccessorImpl.invoke(DelegatingMethodAccessorImpl.java:43)
	at java.base/java.lang.reflect.Method.invoke(Method.java:564)
	at org.testng.internal.MethodInvocationHelper.invokeMethod(MethodInvocationHelper.java:124)
	at org.testng.internal.MethodInvocationHelper.invokeMethodConsideringTimeout(MethodInvocationHelper.java:59)
	at org.testng.internal.Invoker.invokeConfigurationMethod(Invoker.java:458)
	at org.testng.internal.Invoker.invokeConfigurations(Invoker.java:222)
	at org.testng.internal.Invoker.invokeMethod(Invoker.java:523)
	at org.testng.internal.Invoker.invokeTestMethod(Invoker.java:719)
	at org.testng.internal.Invoker.invokeTestMethods(Invoker.java:989)
	at org.testng.internal.TestMethodWorker.invokeTestMethods(TestMethodWorker.java:125)
	at org.testng.internal.TestMethodWorker.run(TestMethodWorker.java:109)
	at org.testng.TestRunner.privateRun(TestRunner.java:648)
	at org.testng.TestRunner.run(TestRunner.java:505)
	at org.testng.SuiteRunner.runTest(SuiteRunner.java:455)
	at org.testng.SuiteRunner.runSequentially(SuiteRunner.java:450)
	at org.testng.SuiteRunner.privateRun(SuiteRunner.java:415)
	at org.testng.SuiteRunner.run(SuiteRunner.java:364)
	at org.testng.SuiteRunnerWorker.runSuite(SuiteRunnerWorker.java:52)
	at org.testng.SuiteRunnerWorker.run(SuiteRunnerWorker.java:84)
	at org.testng.TestNG.runSuitesSequentially(TestNG.java:1208)
	at org.testng.TestNG.runSuitesLocally(TestNG.java:1137)
	at org.testng.TestNG.runSuites(TestNG.java:1049)
	at org.testng.TestNG.run(TestNG.java:1017)
	at org.gradle.api.internal.tasks.testing.testng.TestNGTestClassProcessor.runTests(TestNGTestClassProcessor.java:134)
	at org.gradle.api.internal.tasks.testing.testng.TestNGTestClassProcessor.stop(TestNGTestClassProcessor.java:88)
	at org.gradle.api.internal.tasks.testing.SuiteTestClassProcessor.stop(SuiteTestClassProcessor.java:61)
	at java.base/jdk.internal.reflect.NativeMethodAccessorImpl.invoke0(Native Method)
	at java.base/jdk.internal.reflect.NativeMethodAccessorImpl.invoke(NativeMethodAccessorImpl.java:62)
	at java.base/jdk.internal.reflect.DelegatingMethodAccessorImpl.invoke(DelegatingMethodAccessorImpl.java:43)
	at java.base/java.lang.reflect.Method.invoke(Method.java:564)
	at org.gradle.internal.dispatch.ReflectionDispatch.dispatch(ReflectionDispatch.java:35)
	at org.gradle.internal.dispatch.ReflectionDispatch.dispatch(ReflectionDispatch.java:24)
	at org.gradle.internal.dispatch.ContextClassLoaderDispatch.dispatch(ContextClassLoaderDispatch.java:32)
	at org.gradle.internal.dispatch.ProxyDispatchAdapter$DispatchingInvocationHandler.invoke(ProxyDispatchAdapter.java:93)
	at com.sun.proxy.$Proxy1.stop(Unknown Source)
	at org.gradle.api.internal.tasks.testing.worker.TestWorker.stop(TestWorker.java:123)
	at java.base/jdk.internal.reflect.NativeMethodAccessorImpl.invoke0(Native Method)
	at java.base/jdk.internal.reflect.NativeMethodAccessorImpl.invoke(NativeMethodAccessorImpl.java:62)
	at java.base/jdk.internal.reflect.DelegatingMethodAccessorImpl.invoke(DelegatingMethodAccessorImpl.java:43)
	at java.base/java.lang.reflect.Method.invoke(Method.java:564)
	at org.gradle.internal.dispatch.ReflectionDispatch.dispatch(ReflectionDispatch.java:35)
	at org.gradle.internal.dispatch.ReflectionDispatch.dispatch(ReflectionDispatch.java:24)
	at org.gradle.internal.remote.internal.hub.MessageHubBackedObjectConnection$DispatchWrapper.dispatch(MessageHubBackedObjectConnection.java:146)
	at org.gradle.internal.remote.internal.hub.MessageHubBackedObjectConnection$DispatchWrapper.dispatch(MessageHubBackedObjectConnection.java:128)
	at org.gradle.internal.remote.internal.hub.MessageHub$Handler.run(MessageHub.java:404)
	at org.gradle.internal.concurrent.ExecutorPolicy$CatchAndRecordFailures.onExecute(ExecutorPolicy.java:63)
	at org.gradle.internal.concurrent.ManagedExecutorImpl$1.run(ManagedExecutorImpl.java:46)
	at java.base/java.util.concurrent.ThreadPoolExecutor.runWorker(ThreadPoolExecutor.java:1167)
	at java.base/java.util.concurrent.ThreadPoolExecutor$Worker.run(ThreadPoolExecutor.java:641)
	at org.gradle.internal.concurrent.ThreadFactoryImpl$ManagedThreadRunnable.run(ThreadFactoryImpl.java:55)
	at java.base/java.lang.Thread.run(Thread.java:844)
Caused by: org.openqa.selenium.SessionNotCreatedException: Unable to create new service: InternetExplorerDriverService
Build info: version: '3.11.0', revision: 'e59cfb3', time: '2018-03-11T20:33:15.31Z'
System info: host: 'Rohiths-MacBook-Pro.local', ip: 'fe80:0:0:0:1c18:795:7f19:9f40%en0', os.name: 'Mac OS X', os.arch: 'x86_64', os.version: '10.13.5', java.version: '9.0.4'
Driver info: driver.version: unknown
Build info: version: '3.11.0', revision: 'e59cfb3', time: '2018-03-11T20:26:55.152Z'
System info: host: 'Rohiths-MacBook-Pro.local', ip: 'fe80:0:0:0:1c18:795:7f19:9f40%en0', os.name: 'Mac OS X', os.arch: 'x86_64', os.version: '10.13.5', java.version: '9.0.4'
Driver info: driver.version: unknown
	at org.openqa.selenium.remote.server.ServicedSession$Factory.lambda$get$0(ServicedSession.java:133)
	at org.openqa.selenium.remote.server.ServicedSession$Factory.apply(ServicedSession.java:150)
	at org.openqa.selenium.remote.server.ActiveSessionFactory.lambda$apply$12(ActiveSessionFactory.java:176)
	at java.util.stream.ReferencePipeline$3$1.accept(ReferencePipeline.java:195)
	at java.util.stream.ReferencePipeline$11$1.accept(ReferencePipeline.java:375)
	at java.util.stream.ReferencePipeline$2$1.accept(ReferencePipeline.java:177)
	at java.util.Spliterators$ArraySpliterator.tryAdvance(Spliterators.java:958)
	at java.util.stream.ReferencePipeline.forEachWithCancel(ReferencePipeline.java:127)
	at java.util.stream.AbstractPipeline.copyIntoWithCancel(AbstractPipeline.java:502)
	at java.util.stream.AbstractPipeline.copyInto(AbstractPipeline.java:488)
	at java.util.stream.AbstractPipeline.wrapAndCopyInto(AbstractPipeline.java:474)
	at java.util.stream.FindOps$FindOp.evaluateSequential(FindOps.java:152)
	at java.util.stream.AbstractPipeline.evaluate(AbstractPipeline.java:234)
	at java.util.stream.ReferencePipeline.findFirst(ReferencePipeline.java:476)
	at org.openqa.selenium.remote.server.ActiveSessionFactory.apply(ActiveSessionFactory.java:179)
	at org.openqa.selenium.remote.server.NewSessionPipeline.lambda$null$2(NewSessionPipeline.java:65)
	at java.util.stream.ReferencePipeline$3$1.accept(ReferencePipeline.java:195)
	at java.util.stream.ReferencePipeline$2$1.accept(ReferencePipeline.java:177)
	at java.util.Collections$2.tryAdvance(Collections.java:4734)
	at java.util.stream.ReferencePipeline.forEachWithCancel(ReferencePipeline.java:127)
	at java.util.stream.AbstractPipeline.copyIntoWithCancel(AbstractPipeline.java:502)
	at java.util.stream.AbstractPipeline.copyInto(AbstractPipeline.java:488)
	at java.util.stream.AbstractPipeline.wrapAndCopyInto(AbstractPipeline.java:474)
	at java.util.stream.FindOps$FindOp.evaluateSequential(FindOps.java:152)
	at java.util.stream.AbstractPipeline.evaluate(AbstractPipeline.java:234)
	at java.util.stream.ReferencePipeline.findFirst(ReferencePipeline.java:476)
	at org.openqa.selenium.remote.server.NewSessionPipeline.lambda$createNewSession$3(NewSessionPipeline.java:68)
	at java.util.stream.ReferencePipeline$3$1.accept(ReferencePipeline.java:195)
	at java.util.stream.ReferencePipeline$3$1.accept(ReferencePipeline.java:195)
	at java.util.stream.ReferencePipeline$3$1.accept(ReferencePipeline.java:195)
	at java.util.stream.DistinctOps$1$2.accept(DistinctOps.java:175)
	at java.util.stream.ReferencePipeline$2$1.accept(ReferencePipeline.java:177)
	at java.util.stream.ReferencePipeline$3$1.accept(ReferencePipeline.java:195)
	at java.util.stream.ReferencePipeline$2$1.accept(ReferencePipeline.java:177)
	at java.util.stream.Streams$StreamBuilderImpl.tryAdvance(Streams.java:397)
	at java.util.stream.Streams$ConcatSpliterator.tryAdvance(Streams.java:720)
	at java.util.stream.ReferencePipeline.forEachWithCancel(ReferencePipeline.java:127)
	at java.util.stream.AbstractPipeline.copyIntoWithCancel(AbstractPipeline.java:502)
	at java.util.stream.AbstractPipeline.copyInto(AbstractPipeline.java:488)
	at java.util.stream.AbstractPipeline.wrapAndCopyInto(AbstractPipeline.java:474)
	at java.util.stream.FindOps$FindOp.evaluateSequential(FindOps.java:152)
	at java.util.stream.AbstractPipeline.evaluate(AbstractPipeline.java:234)
	at java.util.stream.ReferencePipeline.findFirst(ReferencePipeline.java:476)
	at org.openqa.selenium.remote.server.NewSessionPipeline.createNewSession(NewSessionPipeline.java:71)
	at org.openqa.selenium.remote.server.commandhandler.BeginSession.execute(BeginSession.java:65)
	at org.openqa.selenium.remote.server.WebDriverServlet.lambda$handle$1(WebDriverServlet.java:246)
	at java.util.concurrent.Executors$RunnableAdapter.call(Executors.java:514)
	at java.util.concurrent.FutureTask.run(FutureTask.java:264)
	at java.util.concurrent.ThreadPoolExecutor.runWorker(ThreadPoolExecutor.java:1167)
	at java.util.concurrent.ThreadPoolExecutor$Worker.run(ThreadPoolExecutor.java:641)
	at java.lang.Thread.run(Thread.java:844)
</failure>
  </testcase>
  <testcase name="loginAsValidUserVerifyLocalStorageElements" classname="com.rungway.tests.LoginPageTests" time="0.0">
    <skipped/>
  </testcase>
  <testcase name="logoutAsValidUserVerifyLocalStorageElementIsNull" classname="com.rungway.tests.LoginPageTests" time="0.0">
    <skipped/>
  </testcase>
  <testcase name="verifyAllElementsAreDisplayedOnLoginPage" classname="com.rungway.tests.LoginPageTests" time="0.0">
    <skipped/>
  </testcase>
  <testcase name="verifyErrorMessageAppearsWithInvalidEmailAndValidPassword" classname="com.rungway.tests.LoginPageTests" time="0.0">
    <skipped/>
  </testcase>
  <testcase name="verifyErrorMessageAppearsWithValidEmailAndInValidPassword" classname="com.rungway.tests.LoginPageTests" time="0.0">
    <skipped/>
  </testcase>
  <testcase name="verifyFooterOnLoginPage" classname="com.rungway.tests.LoginPageTests" time="0.0">
    <skipped/>
  </testcase>
  <testcase name="verifyLoginAsValidUser" classname="com.rungway.tests.LoginPageTests" time="0.0">
    <skipped/>
  </testcase>
  <testcase name="verifyPPAndTCLinks" classname="com.rungway.tests.LoginPageTests" time="0.0">
    <skipped/>
  </testcase>
  <testcase name="verifyPasswordTextIsDisplayed" classname="com.rungway.tests.LoginPageTests" time="0.0">
    <skipped/>
  </testcase>
  <system-out><![CDATA[]]></system-out>
  <system-err><![CDATA[Jul 10, 2018 3:52:14 PM org.openqa.selenium.remote.ProtocolHandshake createSession
INFO: Detected dialect: OSS
Jul 10, 2018 3:52:38 PM org.openqa.selenium.remote.ProtocolHandshake createSession
INFO: Detected dialect: W3C
]]></system-err>
</testsuite>
