<?xml version="1.0" encoding="UTF-8"?>
<checkstyle version="8.8">
<file name="/Users/Rohith/selenium-web/src/test/java/com/rungway/BaseTests.java">
<error line="7" severity="error" message="Using the &apos;.*&apos; form of import should be avoided - org.openqa.selenium.*." source="com.puppycrawl.tools.checkstyle.checks.imports.AvoidStarImportCheck"/>
<error line="24" column="22" severity="error" message="Variable &apos;driver&apos; must be private and have accessor methods." source="com.puppycrawl.tools.checkstyle.checks.design.VisibilityModifierCheck"/>
</file>
<file name="/Users/Rohith/selenium-web/src/test/java/com/rungway/TestSetup.java">
</file>
<file name="/Users/Rohith/selenium-web/src/test/java/com/rungway/page/DashboardPage.java">
<error line="13" column="23" severity="error" message="Variable &apos;pageTitle&apos; must be private and have accessor methods." source="com.puppycrawl.tools.checkstyle.checks.design.VisibilityModifierCheck"/>
</file>
<file name="/Users/Rohith/selenium-web/src/test/java/com/rungway/page/LoginPage.java">
<error line="14" column="23" severity="error" message="Variable &apos;logo&apos; must be private and have accessor methods." source="com.puppycrawl.tools.checkstyle.checks.design.VisibilityModifierCheck"/>
<error line="17" column="23" severity="error" message="Variable &apos;pageContainer&apos; must be private and have accessor methods." source="com.puppycrawl.tools.checkstyle.checks.design.VisibilityModifierCheck"/>
<error line="20" column="23" severity="error" message="Variable &apos;pageTitle&apos; must be private and have accessor methods." source="com.puppycrawl.tools.checkstyle.checks.design.VisibilityModifierCheck"/>
<error line="23" column="23" severity="error" message="Variable &apos;emailAddressField&apos; must be private and have accessor methods." source="com.puppycrawl.tools.checkstyle.checks.design.VisibilityModifierCheck"/>
<error line="26" column="23" severity="error" message="Variable &apos;passwordField&apos; must be private and have accessor methods." source="com.puppycrawl.tools.checkstyle.checks.design.VisibilityModifierCheck"/>
<error line="29" column="23" severity="error" message="Variable &apos;passwordEyeIcon&apos; must be private and have accessor methods." source="com.puppycrawl.tools.checkstyle.checks.design.VisibilityModifierCheck"/>
<error line="32" column="23" severity="error" message="Variable &apos;passwordEyeCrossIcon&apos; must be private and have accessor methods." source="com.puppycrawl.tools.checkstyle.checks.design.VisibilityModifierCheck"/>
<error line="35" column="23" severity="error" message="Variable &apos;loginButton&apos; must be private and have accessor methods." source="com.puppycrawl.tools.checkstyle.checks.design.VisibilityModifierCheck"/>
<error line="38" column="23" severity="error" message="Variable &apos;errorMessage&apos; must be private and have accessor methods." source="com.puppycrawl.tools.checkstyle.checks.design.VisibilityModifierCheck"/>
<error line="41" column="23" severity="error" message="Variable &apos;emailFieldLabel&apos; must be private and have accessor methods." source="com.puppycrawl.tools.checkstyle.checks.design.VisibilityModifierCheck"/>
<error line="44" column="23" severity="error" message="Variable &apos;passwordFieldLabel&apos; must be private and have accessor methods." source="com.puppycrawl.tools.checkstyle.checks.design.VisibilityModifierCheck"/>
<error line="47" column="23" severity="error" message="Variable &apos;footer&apos; must be private and have accessor methods." source="com.puppycrawl.tools.checkstyle.checks.design.VisibilityModifierCheck"/>
<error line="50" column="23" severity="error" message="Variable &apos;tcLink&apos; must be private and have accessor methods." source="com.puppycrawl.tools.checkstyle.checks.design.VisibilityModifierCheck"/>
<error line="53" column="23" severity="error" message="Variable &apos;ppLink&apos; must be private and have accessor methods." source="com.puppycrawl.tools.checkstyle.checks.design.VisibilityModifierCheck"/>
</file>
<file name="/Users/Rohith/selenium-web/src/test/java/com/rungway/tests/DeepLinkTests.java">
</file>
<file name="/Users/Rohith/selenium-web/src/test/java/com/rungway/tests/LoginPageTests.java">
</file>
<file name="/Users/Rohith/selenium-web/src/test/java/com/rungway/utils/Helpers.java">
<error line="26" column="1" severity="error" message="Utility classes should not have a public or default constructor." source="com.puppycrawl.tools.checkstyle.checks.design.HideUtilityClassConstructorCheck"/>
<error line="28" column="47" severity="error" message="Parameter driver should be final." source="com.puppycrawl.tools.checkstyle.checks.FinalParametersCheck"/>
<error line="28" column="65" severity="error" message="Parameter element should be final." source="com.puppycrawl.tools.checkstyle.checks.FinalParametersCheck"/>
<error line="34" column="48" severity="error" message="Parameter driver should be final." source="com.puppycrawl.tools.checkstyle.checks.FinalParametersCheck"/>
<error line="34" column="66" severity="error" message="Parameter specifiedTimeout should be final." source="com.puppycrawl.tools.checkstyle.checks.FinalParametersCheck"/>
<error line="41" column="48" severity="error" message="Parameter driver should be final." source="com.puppycrawl.tools.checkstyle.checks.FinalParametersCheck"/>
<error line="45" column="41" severity="error" message="Parameter username should be final." source="com.puppycrawl.tools.checkstyle.checks.FinalParametersCheck"/>
<error line="45" column="58" severity="error" message="Parameter password should be final." source="com.puppycrawl.tools.checkstyle.checks.FinalParametersCheck"/>
<error line="53" severity="error" message="There is more than 1 empty line one after another." source="com.puppycrawl.tools.checkstyle.checks.whitespace.EmptyLineSeparatorCheck"/>
</file>
<file name="/Users/Rohith/selenium-web/src/test/java/com/rungway/utils/LocalStorage.java">
<error line="12" column="25" severity="error" message="Parameter webDriver should be final." source="com.puppycrawl.tools.checkstyle.checks.FinalParametersCheck"/>
<error line="16" column="44" severity="error" message="Parameter item should be final." source="com.puppycrawl.tools.checkstyle.checks.FinalParametersCheck"/>
<error line="21" column="48" severity="error" message="Parameter item should be final." source="com.puppycrawl.tools.checkstyle.checks.FinalParametersCheck"/>
<error line="26" column="43" severity="error" message="Parameter key should be final." source="com.puppycrawl.tools.checkstyle.checks.FinalParametersCheck"/>
<error line="31" column="42" severity="error" message="Parameter key should be final." source="com.puppycrawl.tools.checkstyle.checks.FinalParametersCheck"/>
<error line="40" column="39" severity="error" message="Parameter item should be final." source="com.puppycrawl.tools.checkstyle.checks.FinalParametersCheck"/>
<error line="40" column="52" severity="error" message="Parameter value should be final." source="com.puppycrawl.tools.checkstyle.checks.FinalParametersCheck"/>
</file>
<file name="/Users/Rohith/selenium-web/src/test/java/com/rungway/utils/TestData.java">
<error line="5" column="1" severity="error" message="Utility classes should not have a public or default constructor." source="com.puppycrawl.tools.checkstyle.checks.design.HideUtilityClassConstructorCheck"/>
<error line="21" severity="error" message="Line is longer than 200 characters (found 902)." source="com.puppycrawl.tools.checkstyle.checks.sizes.LineLengthCheck"/>
<error line="21" column="26" severity="error" message="Name &apos;EXPIRED_TOKEN&apos; must match pattern &apos;^[a-z][a-zA-Z0-9]*$&apos;." source="com.puppycrawl.tools.checkstyle.checks.naming.StaticVariableNameCheck"/>
<error line="21" column="26" severity="error" message="Variable &apos;EXPIRED_TOKEN&apos; must be private and have accessor methods." source="com.puppycrawl.tools.checkstyle.checks.design.VisibilityModifierCheck"/>
</file>
<file name="/Users/Rohith/selenium-web/src/test/java/com/rungway/utils/URLConstants.java">
<error line="3" column="1" severity="error" message="Utility classes should not have a public or default constructor." source="com.puppycrawl.tools.checkstyle.checks.design.HideUtilityClassConstructorCheck"/>
</file>
</checkstyle>
