{"uuid":"6215980a-3d39-4e4c-8366-707bf4fc48f4","historyId":"a595203c3f78de9bd3072795326b68b6","fullName":"com.rungway.tests.LoginPageTests.insertExpiredTokenInLocalStorageVerifyLoginPageIsDisplayed","labels":[{"name":"package","value":"com.rungway.tests.LoginPageTests"},{"name":"testClass","value":"com.rungway.tests.LoginPageTests"},{"name":"testMethod","value":"insertExpiredTokenInLocalStorageVerifyLoginPageIsDisplayed"},{"name":"parentSuite","value":"Default Suite"},{"name":"suite","value":"selenium-web"},{"name":"subSuite","value":"com.rungway.tests.LoginPageTests"},{"name":"host","value":"Rohiths-MacBook-Pro.local"},{"name":"thread","value":"3096@Rohiths-MacBook-Pro.local.main(1)"}],"links":[],"name":"insertExpiredTokenInLocalStorageVerifyLoginPageIsDisplayed","status":"broken","statusDetails":{"known":false,"muted":false,"flaky":false,"message":"Timed out after 15 seconds. Unable to locate the element","trace":"org.openqa.selenium.NoSuchElementException: Timed out after 15 seconds. Unable to locate the element\n\tat org.openqa.selenium.support.pagefactory.AjaxElementLocator.findElement(AjaxElementLocator.java:90)\n\tat org.openqa.selenium.support.pagefactory.internal.LocatingElementHandler.invoke(LocatingElementHandler.java:38)\n\tat com.sun.proxy.$Proxy26.isDisplayed(Unknown Source)\n\tat com.rungway.page.LoginPage.isDisplayed(LoginPage.java:75)\n\tat com.rungway.tests.LoginPageTests.insertExpiredTokenInLocalStorageVerifyLoginPageIsDisplayed(LoginPageTests.java:198)\n\tat sun.reflect.NativeMethodAccessorImpl.invoke0(Native Method)\n\tat sun.reflect.NativeMethodAccessorImpl.invoke(NativeMethodAccessorImpl.java:62)\n\tat sun.reflect.DelegatingMethodAccessorImpl.invoke(DelegatingMethodAccessorImpl.java:43)\n\tat java.lang.reflect.Method.invoke(Method.java:498)\n\tat org.testng.internal.MethodInvocationHelper.invokeMethod(MethodInvocationHelper.java:124)\n\tat org.testng.internal.Invoker.invokeMethod(Invoker.java:583)\n\tat org.testng.internal.Invoker.invokeTestMethod(Invoker.java:719)\n\tat org.testng.internal.Invoker.invokeTestMethods(Invoker.java:989)\n\tat org.testng.internal.TestMethodWorker.invokeTestMethods(TestMethodWorker.java:125)\n\tat org.testng.internal.TestMethodWorker.run(TestMethodWorker.java:109)\n\tat org.testng.TestRunner.privateRun(TestRunner.java:648)\n\tat org.testng.TestRunner.run(TestRunner.java:505)\n\tat org.testng.SuiteRunner.runTest(SuiteRunner.java:455)\n\tat org.testng.SuiteRunner.runSequentially(SuiteRunner.java:450)\n\tat org.testng.SuiteRunner.privateRun(SuiteRunner.java:415)\n\tat org.testng.SuiteRunner.run(SuiteRunner.java:364)\n\tat org.testng.SuiteRunnerWorker.runSuite(SuiteRunnerWorker.java:52)\n\tat org.testng.SuiteRunnerWorker.run(SuiteRunnerWorker.java:84)\n\tat org.testng.TestNG.runSuitesSequentially(TestNG.java:1208)\n\tat org.testng.TestNG.runSuitesLocally(TestNG.java:1137)\n\tat org.testng.TestNG.runSuites(TestNG.java:1049)\n\tat org.testng.TestNG.run(TestNG.java:1017)\n\tat org.testng.IDEARemoteTestNG.run(IDEARemoteTestNG.java:72)\n\tat org.testng.RemoteTestNGStarter.main(RemoteTestNGStarter.java:123)\nCaused by: org.openqa.selenium.NoSuchElementException: no such element: Unable to locate element: {\"method\":\"class name\",\"selector\":\"login\"}\n  (Session info: chrome=67.0.3396.99)\n  (Driver info: chromedriver=2.37.544337 (8c0344a12e552148c185f7d5117db1f28d6c9e85),platform=Mac OS X 10.13.5 x86_64) (WARNING: The server did not provide any stacktrace information)\nCommand duration or timeout: 0 milliseconds\nFor documentation on this error, please visit: http://seleniumhq.org/exceptions/no_such_element.html\nBuild info: version: '3.11.0', revision: 'e59cfb3', time: '2018-03-11T20:26:55.152Z'\nSystem info: host: 'Rohiths-MacBook-Pro.local', ip: 'fe80:0:0:0:4b9:313f:6b33:a6%en0', os.name: 'Mac OS X', os.arch: 'x86_64', os.version: '10.13.5', java.version: '1.8.0_91'\nDriver info: org.openqa.selenium.remote.RemoteWebDriver\nCapabilities {acceptInsecureCerts: false, acceptSslCerts: false, applicationCacheEnabled: false, browserConnectionEnabled: false, browserName: chrome, chrome: {chromedriverVersion: 2.37.544337 (8c0344a12e5521..., userDataDir: /var/folders/q6/xvdscnm52yq...}, cssSelectorsEnabled: true, databaseEnabled: false, handlesAlerts: true, hasTouchScreen: false, javascriptEnabled: true, locationContextEnabled: true, mobileEmulationEnabled: false, nativeEvents: true, networkConnectionEnabled: false, pageLoadStrategy: normal, platform: MAC, platformName: MAC, rotatable: false, setWindowRect: true, takesHeapSnapshot: true, takesScreenshot: true, unexpectedAlertBehaviour: , unhandledPromptBehavior: , version: 67.0.3396.99, webStorageEnabled: true, webdriver.remote.sessionid: 197776115fde91ce4f608da4ac3...}\nSession ID: 197776115fde91ce4f608da4ac3c5048\n*** Element info: {Using=class name, value=login}\n\tat sun.reflect.GeneratedConstructorAccessor12.newInstance(Unknown Source)\n\tat sun.reflect.DelegatingConstructorAccessorImpl.newInstance(DelegatingConstructorAccessorImpl.java:45)\n\tat java.lang.reflect.Constructor.newInstance(Constructor.java:423)\n\tat org.openqa.selenium.remote.ErrorHandler.createThrowable(ErrorHandler.java:214)\n\tat org.openqa.selenium.remote.ErrorHandler.throwIfResponseFailed(ErrorHandler.java:166)\n\tat org.openqa.selenium.remote.http.JsonHttpResponseCodec.reconstructValue(JsonHttpResponseCodec.java:40)\n\tat org.openqa.selenium.remote.http.AbstractHttpResponseCodec.decode(AbstractHttpResponseCodec.java:80)\n\tat org.openqa.selenium.remote.http.AbstractHttpResponseCodec.decode(AbstractHttpResponseCodec.java:44)\n\tat org.openqa.selenium.remote.HttpCommandExecutor.execute(HttpCommandExecutor.java:158)\n\tat org.openqa.selenium.remote.RemoteWebDriver.execute(RemoteWebDriver.java:545)\n\tat org.openqa.selenium.remote.RemoteWebDriver.findElement(RemoteWebDriver.java:319)\n\tat org.openqa.selenium.remote.RemoteWebDriver.findElementByClassName(RemoteWebDriver.java:405)\n\tat org.openqa.selenium.By$ByClassName.findElement(By.java:391)\n\tat org.openqa.selenium.remote.RemoteWebDriver.findElement(RemoteWebDriver.java:311)\n\tat org.openqa.selenium.support.pagefactory.DefaultElementLocator.findElement(DefaultElementLocator.java:69)\n\tat org.openqa.selenium.support.pagefactory.AjaxElementLocator.access$001(AjaxElementLocator.java:40)\n\tat org.openqa.selenium.support.pagefactory.AjaxElementLocator$SlowLoadingElement.isLoaded(AjaxElementLocator.java:156)\n\tat org.openqa.selenium.support.ui.SlowLoadableComponent.get(SlowLoadableComponent.java:69)\n\tat org.openqa.selenium.support.pagefactory.AjaxElementLocator.findElement(AjaxElementLocator.java:86)\n\t... 28 more\n"},"stage":"finished","start":1531476930406,"stop":1531476946289,"parameters":[]}